[0.015s] Invoking command in '/home/toro/tester_ws/build/action_tutorials': CMAKE_PREFIX_PATH=/opt/ros/eloquent /usr/bin/cmake /home/toro/tester_ws/src/action_tutorials -DCMAKE_INSTALL_PREFIX=/home/toro/tester_ws/install/action_tutorials
[0.156s] -- Found ament_cmake: 0.8.2 (/opt/ros/eloquent/share/ament_cmake/cmake)
[0.275s] -- Found PythonInterp: /usr/bin/python3 (found suitable version "3.6.9", minimum required is "3") 
[0.275s] -- Using PYTHON_EXECUTABLE: /usr/bin/python3
[0.712s] -- Found rosidl_default_generators: 0.8.0 (/opt/ros/eloquent/share/rosidl_default_generators/cmake)
[1.202s] -- Found OpenSSL: /usr/lib/x86_64-linux-gnu/libcrypto.so (found version "1.1.1") 
[1.248s] -- Found FastRTPS: /opt/ros/eloquent/include  
[1.335s] -- Found rosidl_adapter: 0.8.2 (/opt/ros/eloquent/share/rosidl_adapter/cmake)
[1.556s] CMake Error at /opt/ros/eloquent/share/rosidl_cmake/cmake/rosidl_generate_interfaces.cmake:93 (message):
[1.556s]   rosidl_generate_interfaces() the passed file 'action/Fibonacci.action'
[1.557s]   doesn't exist relative to the CMAKE_CURRENT_SOURCE_DIR
[1.557s]   '/home/toro/tester_ws/src/action_tutorials'
[1.557s] Call Stack (most recent call first):
[1.557s]   CMakeLists.txt:26 (rosidl_generate_interfaces)
[1.558s] 
[1.558s] 
[1.558s] -- Configuring incomplete, errors occurred!
[1.559s] See also "/home/toro/tester_ws/build/action_tutorials/CMakeFiles/CMakeOutput.log".
[1.566s] Invoked command in '/home/toro/tester_ws/build/action_tutorials' returned '1': CMAKE_PREFIX_PATH=/opt/ros/eloquent /usr/bin/cmake /home/toro/tester_ws/src/action_tutorials -DCMAKE_INSTALL_PREFIX=/home/toro/tester_ws/install/action_tutorials
[1.589s] Traceback (most recent call last):
  File "/usr/lib/python3/dist-packages/colcon_core/executor/__init__.py", line 91, in __call__
    rc = await self.task(*args, **kwargs)
  File "/usr/lib/python3/dist-packages/colcon_core/task/__init__.py", line 93, in __call__
    return await task_method(*args, **kwargs)
  File "/usr/lib/python3/dist-packages/colcon_ros/task/ament_cmake/build.py", line 66, in build
    if await has_target(args.build_base, 'install'):
  File "/usr/lib/python3/dist-packages/colcon_cmake/task/cmake/__init__.py", line 57, in has_target
    return target in await get_makefile_targets(path)
  File "/usr/lib/python3/dist-packages/colcon_cmake/task/cmake/__init__.py", line 78, in get_makefile_targets
    CMAKE_EXECUTABLE, '--build', path, '--target', 'help'], cwd=path)
  File "/usr/lib/python3/dist-packages/colcon_core/subprocess.py", line 110, in check_output
    'Expected {args} to pass: {stderr_data}'.format_map(locals())
AssertionError: Expected ['/usr/bin/cmake', '--build', '/home/toro/tester_ws/build/action_tutorials', '--target', 'help'] to pass: make: *** No rule to make target 'help'.  Stop.

